app/build (Ignored Item Conflict)/intermediates/manifest_merge_blame_file/debug/manifest-merger-blame-debug-report.txt
1<?xml version="1.0" encoding="utf-8"?>
2<manifest xmlns:android="http://schemas.android.com/apk/res/android"
3    package="apch.marvelbasket"
4    android:versionCode="1"
5    android:versionName="1.0" >
6
7    <uses-sdk
8        android:minSdkVersion="16"
8-->src\main\AndroidManifest.xml
9        android:targetSdkVersion="29" />
9-->src\main\AndroidManifest.xml
10
11    <uses-permission android:name="android.permission.INTERNET" />
11-->src\main\AndroidManifest.xml:4:5-66
11-->src\main\AndroidManifest.xml:4:22-64
12
13    <application
13-->src\main\AndroidManifest.xml:5:5-34:19
14        android:name="androidx.multidex.MultiDexApplication"
15        android:allowBackup="true"
15-->src\main\AndroidManifest.xml:7:9-35
16        android:appComponentFactory="androidx.core.app.CoreComponentFactory"
16-->[androidx.core:core:1.0.1] AndroidManifest.xml:22:18-86
17        android:debuggable="true"
18        android:icon="@mipmap/ic_launcher"
18-->src\main\AndroidManifest.xml:8:9-43
19        android:label="@string/app_name"
19-->src\main\AndroidManifest.xml:9:9-41
20        android:supportsRtl="true"
20-->src\main\AndroidManifest.xml:10:9-35
21        android:testOnly="true"
22        android:theme="@style/AppTheme"
22-->src\main\AndroidManifest.xml:11:9-40
23        android:usesCleartextTraffic="true" >
23-->src\main\AndroidManifest.xml:6:9-44
24        <activity
24-->src\main\AndroidManifest.xml:12:9-21:20
25            android:name="apch.marvelbasket.HomeActivity"
25-->src\main\AndroidManifest.xml:13:13-41
26            android:label="@string/title_activity_home"
26-->src\main\AndroidManifest.xml:14:13-56
27            android:theme="@style/AppTheme.NoActionBar" >
27-->src\main\AndroidManifest.xml:15:13-56
28            <intent-filter>
28-->src\main\AndroidManifest.xml:16:13-19:29
29                <action android:name="android.intent.action.MAIN" />
29-->src\main\AndroidManifest.xml:17:17-69
29-->src\main\AndroidManifest.xml:17:25-66
30
31                <category android:name="android.intent.category.LAUNCHER" />
31-->src\main\AndroidManifest.xml:18:17-77
31-->src\main\AndroidManifest.xml:18:27-74
32            </intent-filter>
33        </activity>
34        <activity
34-->src\main\AndroidManifest.xml:22:9-26:20
35            android:name="apch.marvelbasket.login"
35-->src\main\AndroidManifest.xml:23:13-34
36            android:screenOrientation="portrait" >
36-->src\main\AndroidManifest.xml:24:13-49
37        </activity>
38        <activity android:name="apch.marvelbasket.signup" />
38-->src\main\AndroidManifest.xml:27:9-44
38-->src\main\AndroidManifest.xml:27:19-41
39        <activity
39-->src\main\AndroidManifest.xml:28:9-32:20
40            android:name="apch.marvelbasket.EventActivity"
40-->src\main\AndroidManifest.xml:29:13-42
41            android:screenOrientation="portrait" >
41-->src\main\AndroidManifest.xml:30:13-49
42        </activity>
43        <activity android:name="apch.marvelbasket.DatePickerFragment" />
43-->src\main\AndroidManifest.xml:33:9-56
43-->src\main\AndroidManifest.xml:33:19-53
44
45        <provider
45-->[androidx.lifecycle:lifecycle-process:2.0.0] AndroidManifest.xml:23:9-27:43
46            android:name="androidx.lifecycle.ProcessLifecycleOwnerInitializer"
46-->[androidx.lifecycle:lifecycle-process:2.0.0] AndroidManifest.xml:24:13-79
47            android:authorities="apch.marvelbasket.lifecycle-process"
47-->[androidx.lifecycle:lifecycle-process:2.0.0] AndroidManifest.xml:25:13-69
48            android:exported="false"
48-->[androidx.lifecycle:lifecycle-process:2.0.0] AndroidManifest.xml:26:13-37
49            android:multiprocess="true" />
49-->[androidx.lifecycle:lifecycle-process:2.0.0] AndroidManifest.xml:27:13-40
50    </application>
51
52</manifest>